2015-10-14 21:39:09,538 [main] INFO  [o.s.w.c.ContextLoader] - Root WebApplicationContext: initialization started
2015-10-14 21:39:09,618 [main] INFO  [o.s.w.c.s.XmlWebApplicationContext] - Refreshing Root WebApplicationContext: startup date [Wed Oct 14 21:39:09 PDT 2015]; root of context hierarchy
2015-10-14 21:39:09,653 [main] INFO  [o.s.b.f.x.XmlBeanDefinitionReader] - Loading XML bean definitions from class path resource [mymatchesservice/application-context.xml]
2015-10-14 21:39:10,397 [main] INFO  [o.s.b.f.c.PropertyPlaceholderConfigurer] - Loading properties file from class path resource [mymatchesservice/mymatchesservice.global.properties]
2015-10-14 21:39:10,397 [main] INFO  [o.s.b.f.c.PropertyPlaceholderConfigurer] - Loading properties file from URL [file:jetty/override.properties]
2015-10-14 21:39:10,406 [main] INFO  [o.s.b.f.a.AutowiredAnnotationBeanPostProcessor] - JSR-330 'javax.inject.Inject' annotation found and supported for autowiring
2015-10-14 21:39:10,543 [main] INFO  [c.e.s.m.m.GraphiteReportingConfiguration] - Graphite reporting disabled, only enabling Jmx
2015-10-14 21:39:10,554 [main] INFO  [c.e.s.m.r.EcvResource] - Instantiated EcvResource JAX-RS endpoint
2015-10-14 21:39:10,572 [main] INFO  [c.e.s.m.s.EcvService] - EcvService initialized...
2015-10-14 21:39:10,601 [main] WARN  [o.s.w.c.s.XmlWebApplicationContext] - Exception encountered during context initialization - cancelling refresh attempt
org.springframework.beans.factory.BeanCreationException: Error creating bean with name 'matchfeedResource': Injection of resource dependencies failed; nested exception is org.springframework.beans.factory.CannotLoadBeanClassException: Cannot find class [com.eharmony.services.datastore.util.CustomObjectMapper] for bean with name 'objectMapper' defined in class path resource [mymatchesservice/application-context.xml]; nested exception is java.lang.ClassNotFoundException: com.eharmony.services.datastore.util.CustomObjectMapper
	at org.springframework.context.annotation.CommonAnnotationBeanPostProcessor.postProcessPropertyValues(CommonAnnotationBeanPostProcessor.java:308) ~[spring-context-4.1.5.RELEASE.jar:4.1.5.RELEASE]
	at org.springframework.beans.factory.support.AbstractAutowireCapableBeanFactory.populateBean(AbstractAutowireCapableBeanFactory.java:1202) ~[spring-beans-4.1.5.RELEASE.jar:4.1.5.RELEASE]
	at org.springframework.beans.factory.support.AbstractAutowireCapableBeanFactory.doCreateBean(AbstractAutowireCapableBeanFactory.java:537) ~[spring-beans-4.1.5.RELEASE.jar:4.1.5.RELEASE]
	at org.springframework.beans.factory.support.AbstractAutowireCapableBeanFactory.createBean(AbstractAutowireCapableBeanFactory.java:476) ~[spring-beans-4.1.5.RELEASE.jar:4.1.5.RELEASE]
	at org.springframework.beans.factory.support.AbstractBeanFactory$1.getObject(AbstractBeanFactory.java:303) ~[spring-beans-4.1.5.RELEASE.jar:4.1.5.RELEASE]
	at org.springframework.beans.factory.support.DefaultSingletonBeanRegistry.getSingleton(DefaultSingletonBeanRegistry.java:230) ~[spring-beans-4.1.5.RELEASE.jar:4.1.5.RELEASE]
	at org.springframework.beans.factory.support.AbstractBeanFactory.doGetBean(AbstractBeanFactory.java:299) ~[spring-beans-4.1.5.RELEASE.jar:4.1.5.RELEASE]
	at org.springframework.beans.factory.support.AbstractBeanFactory.getBean(AbstractBeanFactory.java:194) ~[spring-beans-4.1.5.RELEASE.jar:4.1.5.RELEASE]
	at org.springframework.beans.factory.support.DefaultListableBeanFactory.preInstantiateSingletons(DefaultListableBeanFactory.java:755) ~[spring-beans-4.1.5.RELEASE.jar:4.1.5.RELEASE]
	at org.springframework.context.support.AbstractApplicationContext.finishBeanFactoryInitialization(AbstractApplicationContext.java:757) ~[spring-context-4.1.5.RELEASE.jar:4.1.5.RELEASE]
	at org.springframework.context.support.AbstractApplicationContext.refresh(AbstractApplicationContext.java:480) ~[spring-context-4.1.5.RELEASE.jar:4.1.5.RELEASE]
	at org.springframework.web.context.ContextLoader.configureAndRefreshWebApplicationContext(ContextLoader.java:403) [spring-web-4.1.5.RELEASE.jar:4.1.5.RELEASE]
	at org.springframework.web.context.ContextLoader.initWebApplicationContext(ContextLoader.java:306) [spring-web-4.1.5.RELEASE.jar:4.1.5.RELEASE]
	at org.springframework.web.context.ContextLoaderListener.contextInitialized(ContextLoaderListener.java:106) [spring-web-4.1.5.RELEASE.jar:4.1.5.RELEASE]
	at org.eclipse.jetty.server.handler.ContextHandler.callContextInitialized(ContextHandler.java:800) [jetty-server-9.2.10.v20150310.jar:9.2.10.v20150310]
	at org.eclipse.jetty.servlet.ServletContextHandler.callContextInitialized(ServletContextHandler.java:444) [jetty-servlet-9.2.10.v20150310.jar:9.2.10.v20150310]
	at org.eclipse.jetty.server.handler.ContextHandler.startContext(ContextHandler.java:791) [jetty-server-9.2.10.v20150310.jar:9.2.10.v20150310]
	at org.eclipse.jetty.servlet.ServletContextHandler.startContext(ServletContextHandler.java:294) [jetty-servlet-9.2.10.v20150310.jar:9.2.10.v20150310]
	at org.eclipse.jetty.webapp.WebAppContext.startWebapp(WebAppContext.java:1349) [jetty-webapp-9.2.10.v20150310.jar:9.2.10.v20150310]
	at org.eclipse.jetty.maven.plugin.JettyWebAppContext.startWebapp(JettyWebAppContext.java:296) [jetty-maven-plugin-9.2.10.v20150310.jar:9.2.10.v20150310]
	at org.eclipse.jetty.webapp.WebAppContext.startContext(WebAppContext.java:1342) [jetty-webapp-9.2.10.v20150310.jar:9.2.10.v20150310]
	at org.eclipse.jetty.server.handler.ContextHandler.doStart(ContextHandler.java:741) [jetty-server-9.2.10.v20150310.jar:9.2.10.v20150310]
	at org.eclipse.jetty.webapp.WebAppContext.doStart(WebAppContext.java:505) [jetty-webapp-9.2.10.v20150310.jar:9.2.10.v20150310]
	at org.eclipse.jetty.maven.plugin.JettyWebAppContext.doStart(JettyWebAppContext.java:365) [jetty-maven-plugin-9.2.10.v20150310.jar:9.2.10.v20150310]
	at org.eclipse.jetty.util.component.AbstractLifeCycle.start(AbstractLifeCycle.java:68) [jetty-util-9.2.10.v20150310.jar:9.2.10.v20150310]
	at org.eclipse.jetty.util.component.ContainerLifeCycle.start(ContainerLifeCycle.java:132) [jetty-util-9.2.10.v20150310.jar:9.2.10.v20150310]
	at org.eclipse.jetty.util.component.ContainerLifeCycle.doStart(ContainerLifeCycle.java:114) [jetty-util-9.2.10.v20150310.jar:9.2.10.v20150310]
	at org.eclipse.jetty.server.handler.AbstractHandler.doStart(AbstractHandler.java:61) [jetty-server-9.2.10.v20150310.jar:9.2.10.v20150310]
	at org.eclipse.jetty.server.handler.ContextHandlerCollection.doStart(ContextHandlerCollection.java:163) [jetty-server-9.2.10.v20150310.jar:9.2.10.v20150310]
	at org.eclipse.jetty.util.component.AbstractLifeCycle.start(AbstractLifeCycle.java:68) [jetty-util-9.2.10.v20150310.jar:9.2.10.v20150310]
	at org.eclipse.jetty.util.component.ContainerLifeCycle.start(ContainerLifeCycle.java:132) [jetty-util-9.2.10.v20150310.jar:9.2.10.v20150310]
	at org.eclipse.jetty.util.component.ContainerLifeCycle.doStart(ContainerLifeCycle.java:114) [jetty-util-9.2.10.v20150310.jar:9.2.10.v20150310]
	at org.eclipse.jetty.server.handler.AbstractHandler.doStart(AbstractHandler.java:61) [jetty-server-9.2.10.v20150310.jar:9.2.10.v20150310]
	at org.eclipse.jetty.util.component.AbstractLifeCycle.start(AbstractLifeCycle.java:68) [jetty-util-9.2.10.v20150310.jar:9.2.10.v20150310]
	at org.eclipse.jetty.util.component.ContainerLifeCycle.start(ContainerLifeCycle.java:132) [jetty-util-9.2.10.v20150310.jar:9.2.10.v20150310]
	at org.eclipse.jetty.server.Server.start(Server.java:387) [jetty-server-9.2.10.v20150310.jar:9.2.10.v20150310]
	at org.eclipse.jetty.util.component.ContainerLifeCycle.doStart(ContainerLifeCycle.java:114) [jetty-util-9.2.10.v20150310.jar:9.2.10.v20150310]
	at org.eclipse.jetty.server.handler.AbstractHandler.doStart(AbstractHandler.java:61) [jetty-server-9.2.10.v20150310.jar:9.2.10.v20150310]
	at org.eclipse.jetty.server.Server.doStart(Server.java:354) [jetty-server-9.2.10.v20150310.jar:9.2.10.v20150310]
	at org.eclipse.jetty.maven.plugin.JettyServer.doStart(JettyServer.java:73) [jetty-maven-plugin-9.2.10.v20150310.jar:9.2.10.v20150310]
	at org.eclipse.jetty.util.component.AbstractLifeCycle.start(AbstractLifeCycle.java:68) [jetty-util-9.2.10.v20150310.jar:9.2.10.v20150310]
	at org.eclipse.jetty.maven.plugin.AbstractJettyMojo.startJetty(AbstractJettyMojo.java:534) [jetty-maven-plugin-9.2.10.v20150310.jar:9.2.10.v20150310]
	at org.eclipse.jetty.maven.plugin.AbstractJettyMojo.execute(AbstractJettyMojo.java:357) [jetty-maven-plugin-9.2.10.v20150310.jar:9.2.10.v20150310]
	at org.eclipse.jetty.maven.plugin.JettyRunMojo.execute(JettyRunMojo.java:167) [jetty-maven-plugin-9.2.10.v20150310.jar:9.2.10.v20150310]
	at org.apache.maven.plugin.DefaultBuildPluginManager.executeMojo(DefaultBuildPluginManager.java:133) [maven-core-3.2.1.jar:3.2.1]
	at org.apache.maven.lifecycle.internal.MojoExecutor.execute(MojoExecutor.java:208) [maven-core-3.2.1.jar:3.2.1]
	at org.apache.maven.lifecycle.internal.MojoExecutor.execute(MojoExecutor.java:153) [maven-core-3.2.1.jar:3.2.1]
	at org.apache.maven.lifecycle.internal.MojoExecutor.execute(MojoExecutor.java:145) [maven-core-3.2.1.jar:3.2.1]
	at org.apache.maven.lifecycle.internal.LifecycleModuleBuilder.buildProject(LifecycleModuleBuilder.java:108) [maven-core-3.2.1.jar:3.2.1]
	at org.apache.maven.lifecycle.internal.LifecycleModuleBuilder.buildProject(LifecycleModuleBuilder.java:76) [maven-core-3.2.1.jar:3.2.1]
	at org.apache.maven.lifecycle.internal.builder.singlethreaded.SingleThreadedBuilder.build(SingleThreadedBuilder.java:51) [maven-core-3.2.1.jar:3.2.1]
	at org.apache.maven.lifecycle.internal.LifecycleStarter.execute(LifecycleStarter.java:116) [maven-core-3.2.1.jar:3.2.1]
	at org.apache.maven.DefaultMaven.doExecute(DefaultMaven.java:361) [maven-core-3.2.1.jar:3.2.1]
	at org.apache.maven.DefaultMaven.execute(DefaultMaven.java:155) [maven-core-3.2.1.jar:3.2.1]
	at org.apache.maven.cli.MavenCli.execute(MavenCli.java:584) [maven-embedder-3.2.1.jar:3.2.1]
	at org.apache.maven.cli.MavenCli.doMain(MavenCli.java:213) [maven-embedder-3.2.1.jar:3.2.1]
	at org.apache.maven.cli.MavenCli.main(MavenCli.java:157) [maven-embedder-3.2.1.jar:3.2.1]
	at sun.reflect.NativeMethodAccessorImpl.invoke0(Native Method) ~[na:1.8.0_25]
	at sun.reflect.NativeMethodAccessorImpl.invoke(NativeMethodAccessorImpl.java:62) ~[na:1.8.0_25]
	at sun.reflect.DelegatingMethodAccessorImpl.invoke(DelegatingMethodAccessorImpl.java:43) ~[na:1.8.0_25]
	at java.lang.reflect.Method.invoke(Method.java:483) ~[na:1.8.0_25]
	at org.codehaus.plexus.classworlds.launcher.Launcher.launchEnhanced(Launcher.java:289) [plexus-classworlds-2.5.1.jar:na]
	at org.codehaus.plexus.classworlds.launcher.Launcher.launch(Launcher.java:229) [plexus-classworlds-2.5.1.jar:na]
	at org.codehaus.plexus.classworlds.launcher.Launcher.mainWithExitCode(Launcher.java:415) [plexus-classworlds-2.5.1.jar:na]
	at org.codehaus.plexus.classworlds.launcher.Launcher.main(Launcher.java:356) [plexus-classworlds-2.5.1.jar:na]
Caused by: org.springframework.beans.factory.CannotLoadBeanClassException: Cannot find class [com.eharmony.services.datastore.util.CustomObjectMapper] for bean with name 'objectMapper' defined in class path resource [mymatchesservice/application-context.xml]; nested exception is java.lang.ClassNotFoundException: com.eharmony.services.datastore.util.CustomObjectMapper
	at org.springframework.beans.factory.support.AbstractBeanFactory.resolveBeanClass(AbstractBeanFactory.java:1328) ~[spring-beans-4.1.5.RELEASE.jar:4.1.5.RELEASE]
	at org.springframework.beans.factory.support.AbstractAutowireCapableBeanFactory.determineTargetType(AbstractAutowireCapableBeanFactory.java:622) ~[spring-beans-4.1.5.RELEASE.jar:4.1.5.RELEASE]
	at org.springframework.beans.factory.support.AbstractAutowireCapableBeanFactory.predictBeanType(AbstractAutowireCapableBeanFactory.java:591) ~[spring-beans-4.1.5.RELEASE.jar:4.1.5.RELEASE]
	at org.springframework.beans.factory.support.AbstractBeanFactory.isFactoryBean(AbstractBeanFactory.java:1397) ~[spring-beans-4.1.5.RELEASE.jar:4.1.5.RELEASE]
	at org.springframework.beans.factory.support.DefaultListableBeanFactory.doGetBeanNamesForType(DefaultListableBeanFactory.java:434) ~[spring-beans-4.1.5.RELEASE.jar:4.1.5.RELEASE]
	at org.springframework.beans.factory.support.DefaultListableBeanFactory.getBeanNamesForType(DefaultListableBeanFactory.java:412) ~[spring-beans-4.1.5.RELEASE.jar:4.1.5.RELEASE]
	at org.springframework.beans.factory.BeanFactoryUtils.beanNamesForTypeIncludingAncestors(BeanFactoryUtils.java:187) ~[spring-beans-4.1.5.RELEASE.jar:4.1.5.RELEASE]
	at org.springframework.beans.factory.support.DefaultListableBeanFactory.findAutowireCandidates(DefaultListableBeanFactory.java:1105) ~[spring-beans-4.1.5.RELEASE.jar:4.1.5.RELEASE]
	at org.springframework.beans.factory.support.DefaultListableBeanFactory.doResolveDependency(DefaultListableBeanFactory.java:1044) ~[spring-beans-4.1.5.RELEASE.jar:4.1.5.RELEASE]
	at org.springframework.beans.factory.support.DefaultListableBeanFactory.resolveDependency(DefaultListableBeanFactory.java:942) ~[spring-beans-4.1.5.RELEASE.jar:4.1.5.RELEASE]
	at org.springframework.context.annotation.CommonAnnotationBeanPostProcessor.autowireResource(CommonAnnotationBeanPostProcessor.java:457) ~[spring-context-4.1.5.RELEASE.jar:4.1.5.RELEASE]
	at org.springframework.context.annotation.CommonAnnotationBeanPostProcessor.getResource(CommonAnnotationBeanPostProcessor.java:435) ~[spring-context-4.1.5.RELEASE.jar:4.1.5.RELEASE]
	at org.springframework.context.annotation.CommonAnnotationBeanPostProcessor$ResourceElement.getResourceToInject(CommonAnnotationBeanPostProcessor.java:559) ~[spring-context-4.1.5.RELEASE.jar:4.1.5.RELEASE]
	at org.springframework.beans.factory.annotation.InjectionMetadata$InjectedElement.inject(InjectionMetadata.java:169) ~[spring-beans-4.1.5.RELEASE.jar:4.1.5.RELEASE]
	at org.springframework.beans.factory.annotation.InjectionMetadata.inject(InjectionMetadata.java:88) ~[spring-beans-4.1.5.RELEASE.jar:4.1.5.RELEASE]
	at org.springframework.context.annotation.CommonAnnotationBeanPostProcessor.postProcessPropertyValues(CommonAnnotationBeanPostProcessor.java:305) ~[spring-context-4.1.5.RELEASE.jar:4.1.5.RELEASE]
	... 64 common frames omitted
Caused by: java.lang.ClassNotFoundException: com.eharmony.services.datastore.util.CustomObjectMapper
	at org.codehaus.plexus.classworlds.strategy.SelfFirstStrategy.loadClass(SelfFirstStrategy.java:50) ~[na:na]
	at org.codehaus.plexus.classworlds.realm.ClassRealm.unsynchronizedLoadClass(ClassRealm.java:259) ~[na:na]
	at org.codehaus.plexus.classworlds.realm.ClassRealm.loadClass(ClassRealm.java:235) ~[na:na]
	at org.codehaus.plexus.classworlds.realm.ClassRealm.loadClass(ClassRealm.java:227) ~[na:na]
	at org.eclipse.jetty.webapp.WebAppClassLoader.loadClass(WebAppClassLoader.java:450) ~[na:na]
	at org.eclipse.jetty.webapp.WebAppClassLoader.loadClass(WebAppClassLoader.java:403) ~[na:na]
	at org.springframework.util.ClassUtils.forName(ClassUtils.java:249) ~[spring-core-4.1.5.RELEASE.jar:4.1.5.RELEASE]
	at org.springframework.beans.factory.support.AbstractBeanDefinition.resolveBeanClass(AbstractBeanDefinition.java:395) ~[spring-beans-4.1.5.RELEASE.jar:4.1.5.RELEASE]
	at org.springframework.beans.factory.support.AbstractBeanFactory.doResolveBeanClass(AbstractBeanFactory.java:1349) ~[spring-beans-4.1.5.RELEASE.jar:4.1.5.RELEASE]
	at org.springframework.beans.factory.support.AbstractBeanFactory.resolveBeanClass(AbstractBeanFactory.java:1320) ~[spring-beans-4.1.5.RELEASE.jar:4.1.5.RELEASE]
	... 79 common frames omitted
2015-10-14 21:39:10,607 [main] ERROR [o.s.w.c.ContextLoader] - Context initialization failed
org.springframework.beans.factory.BeanCreationException: Error creating bean with name 'matchfeedResource': Injection of resource dependencies failed; nested exception is org.springframework.beans.factory.CannotLoadBeanClassException: Cannot find class [com.eharmony.services.datastore.util.CustomObjectMapper] for bean with name 'objectMapper' defined in class path resource [mymatchesservice/application-context.xml]; nested exception is java.lang.ClassNotFoundException: com.eharmony.services.datastore.util.CustomObjectMapper
	at org.springframework.context.annotation.CommonAnnotationBeanPostProcessor.postProcessPropertyValues(CommonAnnotationBeanPostProcessor.java:308) ~[spring-context-4.1.5.RELEASE.jar:4.1.5.RELEASE]
	at org.springframework.beans.factory.support.AbstractAutowireCapableBeanFactory.populateBean(AbstractAutowireCapableBeanFactory.java:1202) ~[spring-beans-4.1.5.RELEASE.jar:4.1.5.RELEASE]
	at org.springframework.beans.factory.support.AbstractAutowireCapableBeanFactory.doCreateBean(AbstractAutowireCapableBeanFactory.java:537) ~[spring-beans-4.1.5.RELEASE.jar:4.1.5.RELEASE]
	at org.springframework.beans.factory.support.AbstractAutowireCapableBeanFactory.createBean(AbstractAutowireCapableBeanFactory.java:476) ~[spring-beans-4.1.5.RELEASE.jar:4.1.5.RELEASE]
	at org.springframework.beans.factory.support.AbstractBeanFactory$1.getObject(AbstractBeanFactory.java:303) ~[spring-beans-4.1.5.RELEASE.jar:4.1.5.RELEASE]
	at org.springframework.beans.factory.support.DefaultSingletonBeanRegistry.getSingleton(DefaultSingletonBeanRegistry.java:230) ~[spring-beans-4.1.5.RELEASE.jar:4.1.5.RELEASE]
	at org.springframework.beans.factory.support.AbstractBeanFactory.doGetBean(AbstractBeanFactory.java:299) ~[spring-beans-4.1.5.RELEASE.jar:4.1.5.RELEASE]
	at org.springframework.beans.factory.support.AbstractBeanFactory.getBean(AbstractBeanFactory.java:194) ~[spring-beans-4.1.5.RELEASE.jar:4.1.5.RELEASE]
	at org.springframework.beans.factory.support.DefaultListableBeanFactory.preInstantiateSingletons(DefaultListableBeanFactory.java:755) ~[spring-beans-4.1.5.RELEASE.jar:4.1.5.RELEASE]
	at org.springframework.context.support.AbstractApplicationContext.finishBeanFactoryInitialization(AbstractApplicationContext.java:757) ~[spring-context-4.1.5.RELEASE.jar:4.1.5.RELEASE]
	at org.springframework.context.support.AbstractApplicationContext.refresh(AbstractApplicationContext.java:480) ~[spring-context-4.1.5.RELEASE.jar:4.1.5.RELEASE]
	at org.springframework.web.context.ContextLoader.configureAndRefreshWebApplicationContext(ContextLoader.java:403) ~[spring-web-4.1.5.RELEASE.jar:4.1.5.RELEASE]
	at org.springframework.web.context.ContextLoader.initWebApplicationContext(ContextLoader.java:306) ~[spring-web-4.1.5.RELEASE.jar:4.1.5.RELEASE]
	at org.springframework.web.context.ContextLoaderListener.contextInitialized(ContextLoaderListener.java:106) [spring-web-4.1.5.RELEASE.jar:4.1.5.RELEASE]
	at org.eclipse.jetty.server.handler.ContextHandler.callContextInitialized(ContextHandler.java:800) [jetty-server-9.2.10.v20150310.jar:9.2.10.v20150310]
	at org.eclipse.jetty.servlet.ServletContextHandler.callContextInitialized(ServletContextHandler.java:444) [jetty-servlet-9.2.10.v20150310.jar:9.2.10.v20150310]
	at org.eclipse.jetty.server.handler.ContextHandler.startContext(ContextHandler.java:791) [jetty-server-9.2.10.v20150310.jar:9.2.10.v20150310]
	at org.eclipse.jetty.servlet.ServletContextHandler.startContext(ServletContextHandler.java:294) [jetty-servlet-9.2.10.v20150310.jar:9.2.10.v20150310]
	at org.eclipse.jetty.webapp.WebAppContext.startWebapp(WebAppContext.java:1349) [jetty-webapp-9.2.10.v20150310.jar:9.2.10.v20150310]
	at org.eclipse.jetty.maven.plugin.JettyWebAppContext.startWebapp(JettyWebAppContext.java:296) [jetty-maven-plugin-9.2.10.v20150310.jar:9.2.10.v20150310]
	at org.eclipse.jetty.webapp.WebAppContext.startContext(WebAppContext.java:1342) [jetty-webapp-9.2.10.v20150310.jar:9.2.10.v20150310]
	at org.eclipse.jetty.server.handler.ContextHandler.doStart(ContextHandler.java:741) [jetty-server-9.2.10.v20150310.jar:9.2.10.v20150310]
	at org.eclipse.jetty.webapp.WebAppContext.doStart(WebAppContext.java:505) [jetty-webapp-9.2.10.v20150310.jar:9.2.10.v20150310]
	at org.eclipse.jetty.maven.plugin.JettyWebAppContext.doStart(JettyWebAppContext.java:365) [jetty-maven-plugin-9.2.10.v20150310.jar:9.2.10.v20150310]
	at org.eclipse.jetty.util.component.AbstractLifeCycle.start(AbstractLifeCycle.java:68) [jetty-util-9.2.10.v20150310.jar:9.2.10.v20150310]
	at org.eclipse.jetty.util.component.ContainerLifeCycle.start(ContainerLifeCycle.java:132) [jetty-util-9.2.10.v20150310.jar:9.2.10.v20150310]
	at org.eclipse.jetty.util.component.ContainerLifeCycle.doStart(ContainerLifeCycle.java:114) [jetty-util-9.2.10.v20150310.jar:9.2.10.v20150310]
	at org.eclipse.jetty.server.handler.AbstractHandler.doStart(AbstractHandler.java:61) [jetty-server-9.2.10.v20150310.jar:9.2.10.v20150310]
	at org.eclipse.jetty.server.handler.ContextHandlerCollection.doStart(ContextHandlerCollection.java:163) [jetty-server-9.2.10.v20150310.jar:9.2.10.v20150310]
	at org.eclipse.jetty.util.component.AbstractLifeCycle.start(AbstractLifeCycle.java:68) [jetty-util-9.2.10.v20150310.jar:9.2.10.v20150310]
	at org.eclipse.jetty.util.component.ContainerLifeCycle.start(ContainerLifeCycle.java:132) [jetty-util-9.2.10.v20150310.jar:9.2.10.v20150310]
	at org.eclipse.jetty.util.component.ContainerLifeCycle.doStart(ContainerLifeCycle.java:114) [jetty-util-9.2.10.v20150310.jar:9.2.10.v20150310]
	at org.eclipse.jetty.server.handler.AbstractHandler.doStart(AbstractHandler.java:61) [jetty-server-9.2.10.v20150310.jar:9.2.10.v20150310]
	at org.eclipse.jetty.util.component.AbstractLifeCycle.start(AbstractLifeCycle.java:68) [jetty-util-9.2.10.v20150310.jar:9.2.10.v20150310]
	at org.eclipse.jetty.util.component.ContainerLifeCycle.start(ContainerLifeCycle.java:132) [jetty-util-9.2.10.v20150310.jar:9.2.10.v20150310]
	at org.eclipse.jetty.server.Server.start(Server.java:387) [jetty-server-9.2.10.v20150310.jar:9.2.10.v20150310]
	at org.eclipse.jetty.util.component.ContainerLifeCycle.doStart(ContainerLifeCycle.java:114) [jetty-util-9.2.10.v20150310.jar:9.2.10.v20150310]
	at org.eclipse.jetty.server.handler.AbstractHandler.doStart(AbstractHandler.java:61) [jetty-server-9.2.10.v20150310.jar:9.2.10.v20150310]
	at org.eclipse.jetty.server.Server.doStart(Server.java:354) [jetty-server-9.2.10.v20150310.jar:9.2.10.v20150310]
	at org.eclipse.jetty.maven.plugin.JettyServer.doStart(JettyServer.java:73) [jetty-maven-plugin-9.2.10.v20150310.jar:9.2.10.v20150310]
	at org.eclipse.jetty.util.component.AbstractLifeCycle.start(AbstractLifeCycle.java:68) [jetty-util-9.2.10.v20150310.jar:9.2.10.v20150310]
	at org.eclipse.jetty.maven.plugin.AbstractJettyMojo.startJetty(AbstractJettyMojo.java:534) [jetty-maven-plugin-9.2.10.v20150310.jar:9.2.10.v20150310]
	at org.eclipse.jetty.maven.plugin.AbstractJettyMojo.execute(AbstractJettyMojo.java:357) [jetty-maven-plugin-9.2.10.v20150310.jar:9.2.10.v20150310]
	at org.eclipse.jetty.maven.plugin.JettyRunMojo.execute(JettyRunMojo.java:167) [jetty-maven-plugin-9.2.10.v20150310.jar:9.2.10.v20150310]
	at org.apache.maven.plugin.DefaultBuildPluginManager.executeMojo(DefaultBuildPluginManager.java:133) [maven-core-3.2.1.jar:3.2.1]
	at org.apache.maven.lifecycle.internal.MojoExecutor.execute(MojoExecutor.java:208) [maven-core-3.2.1.jar:3.2.1]
	at org.apache.maven.lifecycle.internal.MojoExecutor.execute(MojoExecutor.java:153) [maven-core-3.2.1.jar:3.2.1]
	at org.apache.maven.lifecycle.internal.MojoExecutor.execute(MojoExecutor.java:145) [maven-core-3.2.1.jar:3.2.1]
	at org.apache.maven.lifecycle.internal.LifecycleModuleBuilder.buildProject(LifecycleModuleBuilder.java:108) [maven-core-3.2.1.jar:3.2.1]
	at org.apache.maven.lifecycle.internal.LifecycleModuleBuilder.buildProject(LifecycleModuleBuilder.java:76) [maven-core-3.2.1.jar:3.2.1]
	at org.apache.maven.lifecycle.internal.builder.singlethreaded.SingleThreadedBuilder.build(SingleThreadedBuilder.java:51) [maven-core-3.2.1.jar:3.2.1]
	at org.apache.maven.lifecycle.internal.LifecycleStarter.execute(LifecycleStarter.java:116) [maven-core-3.2.1.jar:3.2.1]
	at org.apache.maven.DefaultMaven.doExecute(DefaultMaven.java:361) [maven-core-3.2.1.jar:3.2.1]
	at org.apache.maven.DefaultMaven.execute(DefaultMaven.java:155) [maven-core-3.2.1.jar:3.2.1]
	at org.apache.maven.cli.MavenCli.execute(MavenCli.java:584) [maven-embedder-3.2.1.jar:3.2.1]
	at org.apache.maven.cli.MavenCli.doMain(MavenCli.java:213) [maven-embedder-3.2.1.jar:3.2.1]
	at org.apache.maven.cli.MavenCli.main(MavenCli.java:157) [maven-embedder-3.2.1.jar:3.2.1]
	at sun.reflect.NativeMethodAccessorImpl.invoke0(Native Method) ~[na:1.8.0_25]
	at sun.reflect.NativeMethodAccessorImpl.invoke(NativeMethodAccessorImpl.java:62) ~[na:1.8.0_25]
	at sun.reflect.DelegatingMethodAccessorImpl.invoke(DelegatingMethodAccessorImpl.java:43) ~[na:1.8.0_25]
	at java.lang.reflect.Method.invoke(Method.java:483) ~[na:1.8.0_25]
	at org.codehaus.plexus.classworlds.launcher.Launcher.launchEnhanced(Launcher.java:289) [plexus-classworlds-2.5.1.jar:na]
	at org.codehaus.plexus.classworlds.launcher.Launcher.launch(Launcher.java:229) [plexus-classworlds-2.5.1.jar:na]
	at org.codehaus.plexus.classworlds.launcher.Launcher.mainWithExitCode(Launcher.java:415) [plexus-classworlds-2.5.1.jar:na]
	at org.codehaus.plexus.classworlds.launcher.Launcher.main(Launcher.java:356) [plexus-classworlds-2.5.1.jar:na]
Caused by: org.springframework.beans.factory.CannotLoadBeanClassException: Cannot find class [com.eharmony.services.datastore.util.CustomObjectMapper] for bean with name 'objectMapper' defined in class path resource [mymatchesservice/application-context.xml]; nested exception is java.lang.ClassNotFoundException: com.eharmony.services.datastore.util.CustomObjectMapper
	at org.springframework.beans.factory.support.AbstractBeanFactory.resolveBeanClass(AbstractBeanFactory.java:1328) ~[spring-beans-4.1.5.RELEASE.jar:4.1.5.RELEASE]
	at org.springframework.beans.factory.support.AbstractAutowireCapableBeanFactory.determineTargetType(AbstractAutowireCapableBeanFactory.java:622) ~[spring-beans-4.1.5.RELEASE.jar:4.1.5.RELEASE]
	at org.springframework.beans.factory.support.AbstractAutowireCapableBeanFactory.predictBeanType(AbstractAutowireCapableBeanFactory.java:591) ~[spring-beans-4.1.5.RELEASE.jar:4.1.5.RELEASE]
	at org.springframework.beans.factory.support.AbstractBeanFactory.isFactoryBean(AbstractBeanFactory.java:1397) ~[spring-beans-4.1.5.RELEASE.jar:4.1.5.RELEASE]
	at org.springframework.beans.factory.support.DefaultListableBeanFactory.doGetBeanNamesForType(DefaultListableBeanFactory.java:434) ~[spring-beans-4.1.5.RELEASE.jar:4.1.5.RELEASE]
	at org.springframework.beans.factory.support.DefaultListableBeanFactory.getBeanNamesForType(DefaultListableBeanFactory.java:412) ~[spring-beans-4.1.5.RELEASE.jar:4.1.5.RELEASE]
	at org.springframework.beans.factory.BeanFactoryUtils.beanNamesForTypeIncludingAncestors(BeanFactoryUtils.java:187) ~[spring-beans-4.1.5.RELEASE.jar:4.1.5.RELEASE]
	at org.springframework.beans.factory.support.DefaultListableBeanFactory.findAutowireCandidates(DefaultListableBeanFactory.java:1105) ~[spring-beans-4.1.5.RELEASE.jar:4.1.5.RELEASE]
	at org.springframework.beans.factory.support.DefaultListableBeanFactory.doResolveDependency(DefaultListableBeanFactory.java:1044) ~[spring-beans-4.1.5.RELEASE.jar:4.1.5.RELEASE]
	at org.springframework.beans.factory.support.DefaultListableBeanFactory.resolveDependency(DefaultListableBeanFactory.java:942) ~[spring-beans-4.1.5.RELEASE.jar:4.1.5.RELEASE]
	at org.springframework.context.annotation.CommonAnnotationBeanPostProcessor.autowireResource(CommonAnnotationBeanPostProcessor.java:457) ~[spring-context-4.1.5.RELEASE.jar:4.1.5.RELEASE]
	at org.springframework.context.annotation.CommonAnnotationBeanPostProcessor.getResource(CommonAnnotationBeanPostProcessor.java:435) ~[spring-context-4.1.5.RELEASE.jar:4.1.5.RELEASE]
	at org.springframework.context.annotation.CommonAnnotationBeanPostProcessor$ResourceElement.getResourceToInject(CommonAnnotationBeanPostProcessor.java:559) ~[spring-context-4.1.5.RELEASE.jar:4.1.5.RELEASE]
	at org.springframework.beans.factory.annotation.InjectionMetadata$InjectedElement.inject(InjectionMetadata.java:169) ~[spring-beans-4.1.5.RELEASE.jar:4.1.5.RELEASE]
	at org.springframework.beans.factory.annotation.InjectionMetadata.inject(InjectionMetadata.java:88) ~[spring-beans-4.1.5.RELEASE.jar:4.1.5.RELEASE]
	at org.springframework.context.annotation.CommonAnnotationBeanPostProcessor.postProcessPropertyValues(CommonAnnotationBeanPostProcessor.java:305) ~[spring-context-4.1.5.RELEASE.jar:4.1.5.RELEASE]
	... 64 common frames omitted
Caused by: java.lang.ClassNotFoundException: com.eharmony.services.datastore.util.CustomObjectMapper
	at org.codehaus.plexus.classworlds.strategy.SelfFirstStrategy.loadClass(SelfFirstStrategy.java:50) ~[na:na]
	at org.codehaus.plexus.classworlds.realm.ClassRealm.unsynchronizedLoadClass(ClassRealm.java:259) ~[na:na]
	at org.codehaus.plexus.classworlds.realm.ClassRealm.loadClass(ClassRealm.java:235) ~[na:na]
	at org.codehaus.plexus.classworlds.realm.ClassRealm.loadClass(ClassRealm.java:227) ~[na:na]
	at org.eclipse.jetty.webapp.WebAppClassLoader.loadClass(WebAppClassLoader.java:450) ~[na:na]
	at org.eclipse.jetty.webapp.WebAppClassLoader.loadClass(WebAppClassLoader.java:403) ~[na:na]
	at org.springframework.util.ClassUtils.forName(ClassUtils.java:249) ~[spring-core-4.1.5.RELEASE.jar:4.1.5.RELEASE]
	at org.springframework.beans.factory.support.AbstractBeanDefinition.resolveBeanClass(AbstractBeanDefinition.java:395) ~[spring-beans-4.1.5.RELEASE.jar:4.1.5.RELEASE]
	at org.springframework.beans.factory.support.AbstractBeanFactory.doResolveBeanClass(AbstractBeanFactory.java:1349) ~[spring-beans-4.1.5.RELEASE.jar:4.1.5.RELEASE]
	at org.springframework.beans.factory.support.AbstractBeanFactory.resolveBeanClass(AbstractBeanFactory.java:1320) ~[spring-beans-4.1.5.RELEASE.jar:4.1.5.RELEASE]
	... 79 common frames omitted
2015-10-14 21:42:03,750 [main] INFO  [o.s.w.c.ContextLoader] - Root WebApplicationContext: initialization started
2015-10-14 21:42:03,827 [main] INFO  [o.s.w.c.s.XmlWebApplicationContext] - Refreshing Root WebApplicationContext: startup date [Wed Oct 14 21:42:03 PDT 2015]; root of context hierarchy
2015-10-14 21:42:03,862 [main] INFO  [o.s.b.f.x.XmlBeanDefinitionReader] - Loading XML bean definitions from class path resource [mymatchesservice/application-context.xml]
2015-10-14 21:42:04,607 [main] INFO  [o.s.b.f.c.PropertyPlaceholderConfigurer] - Loading properties file from class path resource [mymatchesservice/mymatchesservice.global.properties]
2015-10-14 21:42:04,608 [main] INFO  [o.s.b.f.c.PropertyPlaceholderConfigurer] - Loading properties file from URL [file:jetty/override.properties]
2015-10-14 21:42:04,615 [main] INFO  [o.s.b.f.a.AutowiredAnnotationBeanPostProcessor] - JSR-330 'javax.inject.Inject' annotation found and supported for autowiring
2015-10-14 21:42:04,694 [main] INFO  [c.e.s.m.m.GraphiteReportingConfiguration] - Graphite reporting disabled, only enabling Jmx
2015-10-14 21:42:04,702 [main] INFO  [c.e.s.m.r.EcvResource] - Instantiated EcvResource JAX-RS endpoint
2015-10-14 21:42:04,715 [main] INFO  [c.e.s.m.s.EcvService] - EcvService initialized...
2015-10-14 21:42:04,940 [main] INFO  [o.s.w.c.ContextLoader] - Root WebApplicationContext: initialization completed in 1186 ms
2015-10-14 21:42:05,279 [main] INFO  [c.e.s.m.c.JerseyApp] - Initializing App
2015-10-14 21:44:30,556 [main] INFO  [o.s.w.c.ContextLoader] - Root WebApplicationContext: initialization started
2015-10-14 21:44:30,638 [main] INFO  [o.s.w.c.s.XmlWebApplicationContext] - Refreshing Root WebApplicationContext: startup date [Wed Oct 14 21:44:30 PDT 2015]; root of context hierarchy
2015-10-14 21:44:30,672 [main] INFO  [o.s.b.f.x.XmlBeanDefinitionReader] - Loading XML bean definitions from class path resource [mymatchesservice/application-context.xml]
2015-10-14 21:44:31,416 [main] INFO  [o.s.b.f.c.PropertyPlaceholderConfigurer] - Loading properties file from class path resource [mymatchesservice/mymatchesservice.global.properties]
2015-10-14 21:44:31,416 [main] INFO  [o.s.b.f.c.PropertyPlaceholderConfigurer] - Loading properties file from URL [file:jetty/override.properties]
2015-10-14 21:44:31,422 [main] INFO  [o.s.b.f.a.AutowiredAnnotationBeanPostProcessor] - JSR-330 'javax.inject.Inject' annotation found and supported for autowiring
2015-10-14 21:44:31,505 [main] INFO  [c.e.s.m.m.GraphiteReportingConfiguration] - Graphite reporting disabled, only enabling Jmx
2015-10-14 21:44:31,514 [main] INFO  [c.e.s.m.r.EcvResource] - Instantiated EcvResource JAX-RS endpoint
2015-10-14 21:44:31,532 [main] INFO  [c.e.s.m.s.EcvService] - EcvService initialized...
2015-10-14 21:44:31,754 [main] INFO  [o.s.w.c.ContextLoader] - Root WebApplicationContext: initialization completed in 1195 ms
2015-10-14 21:44:32,091 [main] INFO  [c.e.s.m.c.JerseyApp] - Initializing App
2015-10-14 21:45:21,165 [qtp545672401-46] INFO  [c.e.s.m.r.MatchfeedResource] - fetching match feed for user =1
2015-10-14 21:46:21,570 [qtp545672401-46] INFO  [c.e.s.m.r.MatchfeedResource] - fetching match feed for user =1
2015-10-14 21:46:43,070 [qtp545672401-47] INFO  [c.e.s.m.r.MatchfeedResource] - fetching match feed for user =1
2015-10-14 21:47:54,446 [main] INFO  [o.s.w.c.ContextLoader] - Root WebApplicationContext: initialization started
2015-10-14 21:47:54,525 [main] INFO  [o.s.w.c.s.XmlWebApplicationContext] - Refreshing Root WebApplicationContext: startup date [Wed Oct 14 21:47:54 PDT 2015]; root of context hierarchy
2015-10-14 21:47:54,560 [main] INFO  [o.s.b.f.x.XmlBeanDefinitionReader] - Loading XML bean definitions from class path resource [mymatchesservice/application-context.xml]
2015-10-14 21:47:55,273 [main] INFO  [o.s.b.f.c.PropertyPlaceholderConfigurer] - Loading properties file from class path resource [mymatchesservice/mymatchesservice.global.properties]
2015-10-14 21:47:55,273 [main] INFO  [o.s.b.f.c.PropertyPlaceholderConfigurer] - Loading properties file from URL [file:jetty/override.properties]
2015-10-14 21:47:55,278 [main] INFO  [o.s.b.f.a.AutowiredAnnotationBeanPostProcessor] - JSR-330 'javax.inject.Inject' annotation found and supported for autowiring
2015-10-14 21:47:55,376 [main] INFO  [c.e.s.m.m.GraphiteReportingConfiguration] - Graphite reporting disabled, only enabling Jmx
2015-10-14 21:47:55,386 [main] INFO  [c.e.s.m.r.EcvResource] - Instantiated EcvResource JAX-RS endpoint
2015-10-14 21:47:55,404 [main] INFO  [c.e.s.m.s.EcvService] - EcvService initialized...
2015-10-14 21:47:55,625 [main] INFO  [o.s.w.c.ContextLoader] - Root WebApplicationContext: initialization completed in 1177 ms
2015-10-14 21:47:55,940 [main] INFO  [c.e.s.m.c.JerseyApp] - Initializing App
2015-10-14 21:48:03,418 [qtp1552127607-49] INFO  [c.e.s.m.r.MatchfeedResource] - fetching match feed for user =1
